2019-04-18 09:09:43.866  INFO 8228 --- [main] com.tianj.autowash.AutoWashApplication   : Starting AutoWashApplication on PC-20181203JTRA with PID 8228 (E:\WorkSpace\AutoWash\target\classes started by Administrator in E:\WorkSpace\AutoWash)
2019-04-18 09:09:43.902  INFO 8228 --- [main] com.tianj.autowash.AutoWashApplication   : No active profile set, falling back to default profiles: default
2019-04-18 09:09:46.133  INFO 8228 --- [main] trationDelegate$BeanPostProcessorChecker : Bean 'org.springframework.transaction.annotation.ProxyTransactionManagementConfiguration' of type [org.springframework.transaction.annotation.ProxyTransactionManagementConfiguration$$EnhancerBySpringCGLIB$$98e3c64b] is not eligible for getting processed by all BeanPostProcessors (for example: not eligible for auto-proxying)
2019-04-18 09:09:46.880  INFO 8228 --- [main] o.s.b.w.embedded.tomcat.TomcatWebServer  : Tomcat initialized with port(s): 8008 (https) 8011 (http)
2019-04-18 09:09:47.021  INFO 8228 --- [main] o.apache.catalina.core.StandardService   : Starting service [Tomcat]
2019-04-18 09:09:47.022  INFO 8228 --- [main] org.apache.catalina.core.StandardEngine  : Starting Servlet engine: [Apache Tomcat/9.0.16]
2019-04-18 09:09:47.033  INFO 8228 --- [main] o.a.catalina.core.AprLifecycleListener   : The APR based Apache Tomcat Native library which allows optimal performance in production environments was not found on the java.library.path: [C:\Program Files\Java\jdk1.8.0_192\bin;C:\Windows\Sun\Java\bin;C:\Windows\system32;C:\Windows;C:\Program Files (x86)\Common Files\Oracle\Java\javapath;C:\Windows\system32;C:\Windows;C:\Windows\System32\Wbem;C:\Windows\System32\WindowsPowerShell\v1.0\;C:\Program Files (x86)\NVIDIA Corporation\PhysX\Common;C:\Program Files\Java\jdk1.8.0_192\bin;C:\Program Files\Java\jdk1.8.0_192\jre\bin;C:\Program Files\MySQL\MySQL Server 5.5\bin;D:\apache-maven-3.6.0\bin;C:\Program Files\NVIDIA Corporation\NVIDIA NvDLISR;E:\BaiduPCS;C:\Program Files\Git\cmd;C:\Program Files\TortoiseGit\bin;G:\nodejs\;C:\Users\Administrator\AppData\Local\Programs\Python\Python37;C:\Users\Administrator\AppData\Roaming\npm;C:\Program Files\JetBrains\PyCharm Community Edition 2019.1.1\bin;;.]
2019-04-18 09:09:47.215  INFO 8228 --- [main] o.a.c.c.C.[.[localhost].[/autowash]      : Initializing Spring embedded WebApplicationContext
2019-04-18 09:09:47.215  INFO 8228 --- [main] o.s.web.context.ContextLoader            : Root WebApplicationContext: initialization completed in 3182 ms
2019-04-18 09:09:47.474  INFO 8228 --- [main] c.a.d.s.b.a.DruidDataSourceAutoConfigure : Init DruidDataSource
2019-04-18 09:09:47.711  INFO 8228 --- [main] com.alibaba.druid.pool.DruidDataSource   : {dataSource-1} inited
2019-04-18 09:09:49.252  WARN 8228 --- [main] ion$DefaultTemplateResolverConfiguration : Cannot find template location: classpath:/templates/ (please add some templates or check your Thymeleaf configuration)
2019-04-18 09:09:49.373  INFO 8228 --- [main] d.s.w.p.DocumentationPluginsBootstrapper : Context refreshed
2019-04-18 09:09:49.402  INFO 8228 --- [main] d.s.w.p.DocumentationPluginsBootstrapper : Found 1 custom documentation plugin(s)
2019-04-18 09:09:49.419  INFO 8228 --- [main] s.d.s.w.s.ApiListingReferenceScanner     : Scanning for api listing references
2019-04-18 09:09:49.617  INFO 8228 --- [main] .d.s.w.r.o.CachingOperationNameGenerator : Generating unique operation named: createOrderUsingGET_1
2019-04-18 09:09:50.497  INFO 8228 --- [main] o.s.b.w.embedded.tomcat.TomcatWebServer  : Tomcat started on port(s): 8008 (https) 8011 (http) with context path '/autowash'
2019-04-18 09:09:50.507  INFO 8228 --- [main] com.tianj.autowash.AutoWashApplication   : Started AutoWashApplication in 7.635 seconds (JVM running for 9.61)
2019-04-18 09:10:10.984  INFO 8228 --- [https-jsse-nio-8008-exec-2] o.a.c.c.C.[.[localhost].[/autowash]      : Initializing Spring DispatcherServlet 'dispatcherServlet'
2019-04-18 09:10:10.984  INFO 8228 --- [https-jsse-nio-8008-exec-2] o.s.web.servlet.DispatcherServlet        : Initializing Servlet 'dispatcherServlet'
2019-04-18 09:10:10.995  INFO 8228 --- [https-jsse-nio-8008-exec-2] o.s.web.servlet.DispatcherServlet        : Completed initialization in 10 ms
2019-04-18 09:10:11.118 DEBUG 8228 --- [https-jsse-nio-8008-exec-2] com.tianj.autowash.dao.server.ServerDao  : Cache Hit Ratio [com.tianj.autowash.dao.server.ServerDao]: 0.0
2019-04-18 09:10:11.362 DEBUG 8228 --- [https-jsse-nio-8008-exec-2] c.t.a.d.s.S.getServicePointsByScope      : ==>  Preparing: SELECT id, longitude, latitude FROM svr_service_station WHERE longitude BETWEEN ? AND ? AND latitude BETWEEN ? AND ? 
2019-04-18 09:10:11.399 DEBUG 8228 --- [https-jsse-nio-8008-exec-2] c.t.a.d.s.S.getServicePointsByScope      : ==> Parameters: 113.0607372522426(Double), 113.18948328495745(Double), 22.88159699764296(Double), 23.0570335468145(Double)
2019-04-18 09:10:11.435 DEBUG 8228 --- [https-jsse-nio-8008-exec-2] c.t.a.d.s.S.getServicePointsByScope      : <==      Total: 3
2019-04-18 09:10:11.954 DEBUG 8228 --- [https-jsse-nio-8008-exec-6] com.tianj.autowash.dao.server.ServerDao  : Cache Hit Ratio [com.tianj.autowash.dao.server.ServerDao]: 0.0
2019-04-18 09:10:11.954 DEBUG 8228 --- [https-jsse-nio-8008-exec-6] c.t.a.d.s.S.getServicePointsByScope      : ==>  Preparing: SELECT id, longitude, latitude FROM svr_service_station WHERE longitude BETWEEN ? AND ? AND latitude BETWEEN ? AND ? 
2019-04-18 09:10:11.955 DEBUG 8228 --- [https-jsse-nio-8008-exec-6] c.t.a.d.s.S.getServicePointsByScope      : ==> Parameters: 113.22883698364261(Double), 113.35758301635745(Double), 22.717507375372474(Double), 22.8931560211263(Double)
2019-04-18 09:10:11.965 DEBUG 8228 --- [https-jsse-nio-8008-exec-6] c.t.a.d.s.S.getServicePointsByScope      : <==      Total: 1
2019-04-18 09:41:43.937  WARN 8228 --- [Thread-3] c.t.a.service.device.SocketServiceImpl   : 退出监听客户连接
2019-04-18 09:41:43.947  INFO 8228 --- [Thread-7] com.alibaba.druid.pool.DruidDataSource   : {dataSource-1} closed
2019-04-18 09:41:47.948  INFO 8388 --- [main] com.tianj.autowash.AutoWashApplication   : Starting AutoWashApplication on PC-20181203JTRA with PID 8388 (E:\WorkSpace\AutoWash\target\classes started by Administrator in E:\WorkSpace\AutoWash)
2019-04-18 09:41:47.953  INFO 8388 --- [main] com.tianj.autowash.AutoWashApplication   : No active profile set, falling back to default profiles: default
2019-04-18 09:41:50.138  INFO 8388 --- [main] trationDelegate$BeanPostProcessorChecker : Bean 'org.springframework.transaction.annotation.ProxyTransactionManagementConfiguration' of type [org.springframework.transaction.annotation.ProxyTransactionManagementConfiguration$$EnhancerBySpringCGLIB$$1ba5d4a5] is not eligible for getting processed by all BeanPostProcessors (for example: not eligible for auto-proxying)
2019-04-18 09:41:50.588  INFO 8388 --- [main] o.s.b.w.embedded.tomcat.TomcatWebServer  : Tomcat initialized with port(s): 8008 (https) 8011 (http)
2019-04-18 09:41:50.808  INFO 8388 --- [main] o.apache.catalina.core.StandardService   : Starting service [Tomcat]
2019-04-18 09:41:50.808  INFO 8388 --- [main] org.apache.catalina.core.StandardEngine  : Starting Servlet engine: [Apache Tomcat/9.0.16]
2019-04-18 09:41:50.818  INFO 8388 --- [main] o.a.catalina.core.AprLifecycleListener   : The APR based Apache Tomcat Native library which allows optimal performance in production environments was not found on the java.library.path: [C:\Program Files\Java\jdk1.8.0_192\bin;C:\Windows\Sun\Java\bin;C:\Windows\system32;C:\Windows;C:\Program Files (x86)\Common Files\Oracle\Java\javapath;C:\Windows\system32;C:\Windows;C:\Windows\System32\Wbem;C:\Windows\System32\WindowsPowerShell\v1.0\;C:\Program Files (x86)\NVIDIA Corporation\PhysX\Common;C:\Program Files\Java\jdk1.8.0_192\bin;C:\Program Files\Java\jdk1.8.0_192\jre\bin;C:\Program Files\MySQL\MySQL Server 5.5\bin;D:\apache-maven-3.6.0\bin;C:\Program Files\NVIDIA Corporation\NVIDIA NvDLISR;E:\BaiduPCS;C:\Program Files\Git\cmd;C:\Program Files\TortoiseGit\bin;G:\nodejs\;C:\Users\Administrator\AppData\Local\Programs\Python\Python37;C:\Users\Administrator\AppData\Roaming\npm;C:\Program Files\JetBrains\PyCharm Community Edition 2019.1.1\bin;;.]
2019-04-18 09:41:50.948  INFO 8388 --- [main] o.a.c.c.C.[.[localhost].[/autowash]      : Initializing Spring embedded WebApplicationContext
2019-04-18 09:41:50.948  INFO 8388 --- [main] o.s.web.context.ContextLoader            : Root WebApplicationContext: initialization completed in 2840 ms
2019-04-18 09:41:51.128  INFO 8388 --- [main] c.a.d.s.b.a.DruidDataSourceAutoConfigure : Init DruidDataSource
2019-04-18 09:41:51.288  INFO 8388 --- [main] com.alibaba.druid.pool.DruidDataSource   : {dataSource-1} inited
2019-04-18 09:41:52.737  WARN 8388 --- [main] ion$DefaultTemplateResolverConfiguration : Cannot find template location: classpath:/templates/ (please add some templates or check your Thymeleaf configuration)
2019-04-18 09:41:52.859  INFO 8388 --- [main] d.s.w.p.DocumentationPluginsBootstrapper : Context refreshed
2019-04-18 09:41:52.887  INFO 8388 --- [main] d.s.w.p.DocumentationPluginsBootstrapper : Found 1 custom documentation plugin(s)
2019-04-18 09:41:52.906  INFO 8388 --- [main] s.d.s.w.s.ApiListingReferenceScanner     : Scanning for api listing references
2019-04-18 09:41:53.084  INFO 8388 --- [main] .d.s.w.r.o.CachingOperationNameGenerator : Generating unique operation named: createOrderUsingGET_1
2019-04-18 09:41:53.636  INFO 8388 --- [main] o.s.b.w.embedded.tomcat.TomcatWebServer  : Tomcat started on port(s): 8008 (https) 8011 (http) with context path '/autowash'
2019-04-18 09:41:53.636  INFO 8388 --- [main] com.tianj.autowash.AutoWashApplication   : Started AutoWashApplication in 6.568 seconds (JVM running for 7.405)
2019-04-18 09:42:01.451  INFO 8388 --- [https-jsse-nio-8008-exec-4] o.a.c.c.C.[.[localhost].[/autowash]      : Initializing Spring DispatcherServlet 'dispatcherServlet'
2019-04-18 09:42:01.451  INFO 8388 --- [https-jsse-nio-8008-exec-4] o.s.web.servlet.DispatcherServlet        : Initializing Servlet 'dispatcherServlet'
2019-04-18 09:42:01.461  INFO 8388 --- [https-jsse-nio-8008-exec-4] o.s.web.servlet.DispatcherServlet        : Completed initialization in 10 ms
2019-04-18 09:42:01.548 DEBUG 8388 --- [https-jsse-nio-8008-exec-4] com.tianj.autowash.dao.server.ServerDao  : Cache Hit Ratio [com.tianj.autowash.dao.server.ServerDao]: 0.0
2019-04-18 09:42:01.780 DEBUG 8388 --- [https-jsse-nio-8008-exec-4] c.t.a.d.s.S.getServicePointsByScope      : ==>  Preparing: SELECT id, longitude, latitude FROM svr_service_station WHERE longitude BETWEEN ? AND ? AND latitude BETWEEN ? AND ? 
2019-04-18 09:42:01.812 DEBUG 8388 --- [https-jsse-nio-8008-exec-4] c.t.a.d.s.S.getServicePointsByScope      : ==> Parameters: 113.0607372522426(Double), 113.18948328495745(Double), 22.88159699764296(Double), 23.0570335468145(Double)
2019-04-18 09:42:01.849 DEBUG 8388 --- [https-jsse-nio-8008-exec-4] c.t.a.d.s.S.getServicePointsByScope      : <==      Total: 3
2019-04-18 09:42:02.529 DEBUG 8388 --- [https-jsse-nio-8008-exec-6] com.tianj.autowash.dao.server.ServerDao  : Cache Hit Ratio [com.tianj.autowash.dao.server.ServerDao]: 0.0
2019-04-18 09:42:02.529 DEBUG 8388 --- [https-jsse-nio-8008-exec-6] c.t.a.d.s.S.getServicePointsByScope      : ==>  Preparing: SELECT id, longitude, latitude FROM svr_service_station WHERE longitude BETWEEN ? AND ? AND latitude BETWEEN ? AND ? 
2019-04-18 09:42:02.530 DEBUG 8388 --- [https-jsse-nio-8008-exec-6] c.t.a.d.s.S.getServicePointsByScope      : ==> Parameters: 113.22883698364261(Double), 113.35758301635745(Double), 22.717507375372474(Double), 22.8931560211263(Double)
2019-04-18 09:42:02.540 DEBUG 8388 --- [https-jsse-nio-8008-exec-6] c.t.a.d.s.S.getServicePointsByScope      : <==      Total: 1
2019-04-18 09:42:53.266 DEBUG 8388 --- [https-jsse-nio-8008-exec-7] com.tianj.autowash.dao.server.ServerDao  : Cache Hit Ratio [com.tianj.autowash.dao.server.ServerDao]: 0.0
2019-04-18 09:42:53.267 DEBUG 8388 --- [https-jsse-nio-8008-exec-7] c.t.a.d.s.S.getServicePointsByScope      : ==>  Preparing: SELECT id, longitude, latitude FROM svr_service_station WHERE longitude BETWEEN ? AND ? AND latitude BETWEEN ? AND ? 
2019-04-18 09:42:53.268 DEBUG 8388 --- [https-jsse-nio-8008-exec-7] c.t.a.d.s.S.getServicePointsByScope      : ==> Parameters: 113.05957886596683(Double), 113.18832489868167(Double), 22.8931560211263(Double), 23.06857757533658(Double)
2019-04-18 09:42:53.279 DEBUG 8388 --- [https-jsse-nio-8008-exec-7] c.t.a.d.s.S.getServicePointsByScope      : <==      Total: 3
2019-04-18 09:42:55.555 DEBUG 8388 --- [https-jsse-nio-8008-exec-8] com.tianj.autowash.dao.server.ServerDao  : Cache Hit Ratio [com.tianj.autowash.dao.server.ServerDao]: 0.0
2019-04-18 09:42:55.555 DEBUG 8388 --- [https-jsse-nio-8008-exec-8] c.t.a.dao.server.ServerDao.findById      : ==>  Preparing: SELECT `id`,`name`,`address`,`longitude`,`del_flag`,`latitude`,`create_date`,`update_date` FROM svr_service_station WHERE id=? 
2019-04-18 09:42:55.556 DEBUG 8388 --- [https-jsse-nio-8008-exec-8] c.t.a.dao.server.ServerDao.findById      : ==> Parameters: 5f8781a809294fbcbc9dd7fc606a0fe9(String)
2019-04-18 09:42:55.568 DEBUG 8388 --- [https-jsse-nio-8008-exec-8] com.tianj.autowash.dao.device.DeviceDao  : Cache Hit Ratio [com.tianj.autowash.dao.device.DeviceDao]: 0.0
2019-04-18 09:42:55.569 DEBUG 8388 --- [https-jsse-nio-8008-exec-8] c.t.a.d.device.DeviceDao.findByServerId  : ====>  Preparing: SELECT `id`, `facility_id`, `service_station_id`, `del_flag`, `create_date`, `update_date` FROM dev_device WHERE service_station_id=? 
2019-04-18 09:42:55.569 DEBUG 8388 --- [https-jsse-nio-8008-exec-8] c.t.a.d.device.DeviceDao.findByServerId  : ====> Parameters: 5f8781a809294fbcbc9dd7fc606a0fe9(String)
2019-04-18 09:42:55.579 DEBUG 8388 --- [https-jsse-nio-8008-exec-8] c.t.a.d.device.DeviceDao.findByServerId  : <====      Total: 1
2019-04-18 09:42:55.580 DEBUG 8388 --- [https-jsse-nio-8008-exec-8] c.t.a.dao.server.ServerDao.findById      : <==      Total: 1
2019-04-18 09:42:57.577 DEBUG 8388 --- [https-jsse-nio-8008-exec-5] com.tianj.autowash.dao.server.ServerDao  : Cache Hit Ratio [com.tianj.autowash.dao.server.ServerDao]: 0.0
2019-04-18 09:42:57.578 DEBUG 8388 --- [https-jsse-nio-8008-exec-5] c.t.a.dao.server.ServerDao.findById      : ==>  Preparing: SELECT `id`,`name`,`address`,`longitude`,`del_flag`,`latitude`,`create_date`,`update_date` FROM svr_service_station WHERE id=? 
2019-04-18 09:42:57.578 DEBUG 8388 --- [https-jsse-nio-8008-exec-5] c.t.a.dao.server.ServerDao.findById      : ==> Parameters: beaa7611173e4dd3ba42caeb20723893(String)
2019-04-18 09:42:57.589 DEBUG 8388 --- [https-jsse-nio-8008-exec-5] com.tianj.autowash.dao.device.DeviceDao  : Cache Hit Ratio [com.tianj.autowash.dao.device.DeviceDao]: 0.0
2019-04-18 09:42:57.589 DEBUG 8388 --- [https-jsse-nio-8008-exec-5] c.t.a.d.device.DeviceDao.findByServerId  : ====>  Preparing: SELECT `id`, `facility_id`, `service_station_id`, `del_flag`, `create_date`, `update_date` FROM dev_device WHERE service_station_id=? 
2019-04-18 09:42:57.590 DEBUG 8388 --- [https-jsse-nio-8008-exec-5] c.t.a.d.device.DeviceDao.findByServerId  : ====> Parameters: beaa7611173e4dd3ba42caeb20723893(String)
2019-04-18 09:42:57.600 DEBUG 8388 --- [https-jsse-nio-8008-exec-5] c.t.a.d.device.DeviceDao.findByServerId  : <====      Total: 1
2019-04-18 09:42:57.600 DEBUG 8388 --- [https-jsse-nio-8008-exec-5] c.t.a.dao.server.ServerDao.findById      : <==      Total: 1
2019-04-18 09:42:58.370 DEBUG 8388 --- [https-jsse-nio-8008-exec-9] com.tianj.autowash.dao.server.ServerDao  : Cache Hit Ratio [com.tianj.autowash.dao.server.ServerDao]: 0.0
2019-04-18 09:42:58.371 DEBUG 8388 --- [https-jsse-nio-8008-exec-9] c.t.a.dao.server.ServerDao.findById      : ==>  Preparing: SELECT `id`,`name`,`address`,`longitude`,`del_flag`,`latitude`,`create_date`,`update_date` FROM svr_service_station WHERE id=? 
2019-04-18 09:42:58.371 DEBUG 8388 --- [https-jsse-nio-8008-exec-9] c.t.a.dao.server.ServerDao.findById      : ==> Parameters: f41ad4e8b5a043cbb38e9205463339d5(String)
2019-04-18 09:42:58.381 DEBUG 8388 --- [https-jsse-nio-8008-exec-9] com.tianj.autowash.dao.device.DeviceDao  : Cache Hit Ratio [com.tianj.autowash.dao.device.DeviceDao]: 0.0
2019-04-18 09:42:58.381 DEBUG 8388 --- [https-jsse-nio-8008-exec-9] c.t.a.d.device.DeviceDao.findByServerId  : ====>  Preparing: SELECT `id`, `facility_id`, `service_station_id`, `del_flag`, `create_date`, `update_date` FROM dev_device WHERE service_station_id=? 
2019-04-18 09:42:58.381 DEBUG 8388 --- [https-jsse-nio-8008-exec-9] c.t.a.d.device.DeviceDao.findByServerId  : ====> Parameters: f41ad4e8b5a043cbb38e9205463339d5(String)
2019-04-18 09:42:58.390 DEBUG 8388 --- [https-jsse-nio-8008-exec-9] c.t.a.d.device.DeviceDao.findByServerId  : <====      Total: 1
2019-04-18 09:42:58.391 DEBUG 8388 --- [https-jsse-nio-8008-exec-9] c.t.a.dao.server.ServerDao.findById      : <==      Total: 1
2019-04-18 09:42:59.762 DEBUG 8388 --- [https-jsse-nio-8008-exec-10] com.tianj.autowash.dao.server.ServerDao  : Cache Hit Ratio [com.tianj.autowash.dao.server.ServerDao]: 0.14285714285714285
2019-04-18 09:43:07.003 DEBUG 8388 --- [https-jsse-nio-8008-exec-1] com.tianj.autowash.dao.server.ServerDao  : Cache Hit Ratio [com.tianj.autowash.dao.server.ServerDao]: 0.125
2019-04-18 09:43:07.004 DEBUG 8388 --- [https-jsse-nio-8008-exec-1] c.t.a.d.s.S.getServicePointsByScope      : ==>  Preparing: SELECT id, longitude, latitude FROM svr_service_station WHERE longitude BETWEEN ? AND ? AND latitude BETWEEN ? AND ? 
2019-04-18 09:43:07.006 DEBUG 8388 --- [https-jsse-nio-8008-exec-1] c.t.a.d.s.S.getServicePointsByScope      : ==> Parameters: 113.2284936608887(Double), 113.35723969360355(Double), 22.733657500892026(Double), 22.909285335318092(Double)
2019-04-18 09:43:07.016 DEBUG 8388 --- [https-jsse-nio-8008-exec-1] c.t.a.d.s.S.getServicePointsByScope      : <==      Total: 1
2019-04-18 09:43:07.723 DEBUG 8388 --- [https-jsse-nio-8008-exec-2] com.tianj.autowash.dao.server.ServerDao  : Cache Hit Ratio [com.tianj.autowash.dao.server.ServerDao]: 0.1111111111111111
2019-04-18 09:43:07.723 DEBUG 8388 --- [https-jsse-nio-8008-exec-2] c.t.a.dao.server.ServerDao.findById      : ==>  Preparing: SELECT `id`,`name`,`address`,`longitude`,`del_flag`,`latitude`,`create_date`,`update_date` FROM svr_service_station WHERE id=? 
2019-04-18 09:43:07.723 DEBUG 8388 --- [https-jsse-nio-8008-exec-2] c.t.a.dao.server.ServerDao.findById      : ==> Parameters: f41ad4e8b5a043cbb38e9205463340e2(String)
2019-04-18 09:43:07.734 DEBUG 8388 --- [https-jsse-nio-8008-exec-2] com.tianj.autowash.dao.device.DeviceDao  : Cache Hit Ratio [com.tianj.autowash.dao.device.DeviceDao]: 0.0
2019-04-18 09:43:07.734 DEBUG 8388 --- [https-jsse-nio-8008-exec-2] c.t.a.d.device.DeviceDao.findByServerId  : ====>  Preparing: SELECT `id`, `facility_id`, `service_station_id`, `del_flag`, `create_date`, `update_date` FROM dev_device WHERE service_station_id=? 
2019-04-18 09:43:07.734 DEBUG 8388 --- [https-jsse-nio-8008-exec-2] c.t.a.d.device.DeviceDao.findByServerId  : ====> Parameters: f41ad4e8b5a043cbb38e9205463340e2(String)
2019-04-18 09:43:07.744 DEBUG 8388 --- [https-jsse-nio-8008-exec-2] c.t.a.d.device.DeviceDao.findByServerId  : <====      Total: 1
2019-04-18 09:43:07.745 DEBUG 8388 --- [https-jsse-nio-8008-exec-2] c.t.a.dao.server.ServerDao.findById      : <==      Total: 1
2019-04-18 09:47:52.018 DEBUG 8388 --- [https-jsse-nio-8008-exec-5] c.t.a.d.u.UserDao.findUserBySessionId    : ==>  Preparing: SELECT `id`, `session_key`, `openid`, `usr_user_info_id`, `session`, `create_date`, `update_date`, `del_flag` FROM usr_user WHERE session =? 
2019-04-18 09:47:52.018 DEBUG 8388 --- [https-jsse-nio-8008-exec-5] c.t.a.d.u.UserDao.findUserBySessionId    : ==> Parameters: 08f39bdc630f49c08db77f408a1f5af1(String)
2019-04-18 09:47:52.027 DEBUG 8388 --- [https-jsse-nio-8008-exec-5] c.t.a.d.u.UserDao.findUserBySessionId    : <==      Total: 0
2019-04-18 09:48:17.917 DEBUG 8388 --- [https-jsse-nio-8008-exec-9] com.tianj.autowash.dao.server.ServerDao  : Cache Hit Ratio [com.tianj.autowash.dao.server.ServerDao]: 0.2
2019-04-18 09:48:19.101 DEBUG 8388 --- [https-jsse-nio-8008-exec-10] com.tianj.autowash.dao.server.ServerDao  : Cache Hit Ratio [com.tianj.autowash.dao.server.ServerDao]: 0.2727272727272727
2019-04-18 09:48:25.558 DEBUG 8388 --- [https-jsse-nio-8008-exec-1] com.tianj.autowash.dao.server.ServerDao  : Cache Hit Ratio [com.tianj.autowash.dao.server.ServerDao]: 0.3333333333333333
2019-04-18 09:48:26.746 DEBUG 8388 --- [https-jsse-nio-8008-exec-2] com.tianj.autowash.dao.server.ServerDao  : Cache Hit Ratio [com.tianj.autowash.dao.server.ServerDao]: 0.38461538461538464
2019-04-18 09:50:56.862 DEBUG 8388 --- [https-jsse-nio-8008-exec-8] com.tianj.autowash.dao.server.ServerDao  : Cache Hit Ratio [com.tianj.autowash.dao.server.ServerDao]: 0.42857142857142855
2019-04-18 09:50:58.324 DEBUG 8388 --- [https-jsse-nio-8008-exec-10] com.tianj.autowash.dao.server.ServerDao  : Cache Hit Ratio [com.tianj.autowash.dao.server.ServerDao]: 0.4666666666666667
2019-04-18 09:51:41.968 DEBUG 8388 --- [https-jsse-nio-8008-exec-1] com.tianj.autowash.dao.server.ServerDao  : Cache Hit Ratio [com.tianj.autowash.dao.server.ServerDao]: 0.4375
2019-04-18 09:51:41.984 DEBUG 8388 --- [https-jsse-nio-8008-exec-1] c.t.a.d.s.S.getServicePointsByScope      : ==>  Preparing: SELECT id, longitude, latitude FROM svr_service_station WHERE longitude BETWEEN ? AND ? AND latitude BETWEEN ? AND ? 
2019-04-18 09:51:41.985 DEBUG 8388 --- [https-jsse-nio-8008-exec-1] c.t.a.d.s.S.getServicePointsByScope      : ==> Parameters: 112.99636423588518(Double), 113.25385630131487(Double), 22.793793512430952(Double), 23.14466627344202(Double)
2019-04-18 09:51:41.993 DEBUG 8388 --- [https-jsse-nio-8008-exec-1] c.t.a.d.s.S.getServicePointsByScope      : <==      Total: 3
2019-04-18 09:51:43.209 DEBUG 8388 --- [https-jsse-nio-8008-exec-2] com.tianj.autowash.dao.server.ServerDao  : Cache Hit Ratio [com.tianj.autowash.dao.server.ServerDao]: 0.47058823529411764
2019-04-18 09:52:29.251 DEBUG 8388 --- [https-jsse-nio-8008-exec-3] com.tianj.autowash.dao.server.ServerDao  : Cache Hit Ratio [com.tianj.autowash.dao.server.ServerDao]: 0.5
2019-04-18 09:52:30.431 DEBUG 8388 --- [https-jsse-nio-8008-exec-4] com.tianj.autowash.dao.server.ServerDao  : Cache Hit Ratio [com.tianj.autowash.dao.server.ServerDao]: 0.5263157894736842
2019-04-18 13:55:52.705 DEBUG 8388 --- [https-jsse-nio-8008-exec-10] com.tianj.autowash.dao.server.ServerDao  : Cache Hit Ratio [com.tianj.autowash.dao.server.ServerDao]: 0.5
2019-04-18 13:55:52.791 DEBUG 8388 --- [https-jsse-nio-8008-exec-10] c.t.a.d.s.S.getServicePointsByScope      : ==>  Preparing: SELECT id, longitude, latitude FROM svr_service_station WHERE longitude BETWEEN ? AND ? AND latitude BETWEEN ? AND ? 
2019-04-18 13:55:52.791 DEBUG 8388 --- [https-jsse-nio-8008-exec-10] c.t.a.d.s.S.getServicePointsByScope      : ==> Parameters: 112.98297464848284(Double), 113.26724588871721(Double), 22.771952504370496(Double), 23.16644715076177(Double)
2019-04-18 13:55:52.802 DEBUG 8388 --- [https-jsse-nio-8008-exec-10] c.t.a.d.s.S.getServicePointsByScope      : <==      Total: 3
2019-04-18 13:55:53.893 DEBUG 8388 --- [https-jsse-nio-8008-exec-1] com.tianj.autowash.dao.server.ServerDao  : Cache Hit Ratio [com.tianj.autowash.dao.server.ServerDao]: 0.47619047619047616
2019-04-18 13:55:53.893 DEBUG 8388 --- [https-jsse-nio-8008-exec-1] c.t.a.d.s.S.getServicePointsByScope      : ==>  Preparing: SELECT id, longitude, latitude FROM svr_service_station WHERE longitude BETWEEN ? AND ? AND latitude BETWEEN ? AND ? 
2019-04-18 13:55:53.894 DEBUG 8388 --- [https-jsse-nio-8008-exec-1] c.t.a.d.s.S.getServicePointsByScope      : ==> Parameters: 113.22214218994144(Double), 113.36427781005862(Double), 22.706581209548037(Double), 22.904067237690356(Double)
2019-04-18 13:55:53.905 DEBUG 8388 --- [https-jsse-nio-8008-exec-1] c.t.a.d.s.S.getServicePointsByScope      : <==      Total: 1
2019-04-18 13:55:55.288 DEBUG 8388 --- [https-jsse-nio-8008-exec-2] com.tianj.autowash.dao.server.ServerDao  : Cache Hit Ratio [com.tianj.autowash.dao.server.ServerDao]: 0.5
2019-04-18 13:56:26.788  WARN 8388 --- [https-jsse-nio-8008-exec-3] c.tianj.autowash.config.EhCacheListener  : -------------------------------- notifyElementExpired userCache value: [ key = 08f39bdc630f49c08db77f408a1f5af1, value=null, version=1, hitCount=2, CreationTime = 1555552072029, LastAccessTime = 1555552120922 ]
2019-04-18 13:56:26.790 DEBUG 8388 --- [https-jsse-nio-8008-exec-3] c.t.a.d.u.UserDao.findUserBySessionId    : ==>  Preparing: SELECT `id`, `session_key`, `openid`, `usr_user_info_id`, `session`, `create_date`, `update_date`, `del_flag` FROM usr_user WHERE session =? 
2019-04-18 13:56:26.790 DEBUG 8388 --- [https-jsse-nio-8008-exec-3] c.t.a.d.u.UserDao.findUserBySessionId    : ==> Parameters: 08f39bdc630f49c08db77f408a1f5af1(String)
2019-04-18 13:56:26.799 DEBUG 8388 --- [https-jsse-nio-8008-exec-3] c.t.a.d.u.UserDao.findUserBySessionId    : <==      Total: 0
2019-04-18 14:47:41.837 DEBUG 8388 --- [https-jsse-nio-8008-exec-9] com.tianj.autowash.dao.server.ServerDao  : Cache Hit Ratio [com.tianj.autowash.dao.server.ServerDao]: 0.5217391304347826
2019-04-18 14:47:43.187 DEBUG 8388 --- [https-jsse-nio-8008-exec-8] com.tianj.autowash.dao.server.ServerDao  : Cache Hit Ratio [com.tianj.autowash.dao.server.ServerDao]: 0.5416666666666666
2019-04-18 15:00:02.235 DEBUG 8388 --- [https-jsse-nio-8008-exec-6] com.tianj.autowash.dao.server.ServerDao  : Cache Hit Ratio [com.tianj.autowash.dao.server.ServerDao]: 0.56
2019-04-18 15:00:03.396 DEBUG 8388 --- [https-jsse-nio-8008-exec-7] com.tianj.autowash.dao.server.ServerDao  : Cache Hit Ratio [com.tianj.autowash.dao.server.ServerDao]: 0.5769230769230769
2019-04-18 15:06:29.091 DEBUG 8388 --- [https-jsse-nio-8008-exec-2] com.tianj.autowash.dao.server.ServerDao  : Cache Hit Ratio [com.tianj.autowash.dao.server.ServerDao]: 0.5925925925925926
2019-04-18 15:06:30.211 DEBUG 8388 --- [https-jsse-nio-8008-exec-3] com.tianj.autowash.dao.server.ServerDao  : Cache Hit Ratio [com.tianj.autowash.dao.server.ServerDao]: 0.6071428571428571
2019-04-18 15:06:50.098 DEBUG 8388 --- [https-jsse-nio-8008-exec-4] com.tianj.autowash.dao.server.ServerDao  : Cache Hit Ratio [com.tianj.autowash.dao.server.ServerDao]: 0.6206896551724138
2019-04-18 15:25:21.025 DEBUG 8388 --- [https-jsse-nio-8008-exec-8] com.tianj.autowash.dao.server.ServerDao  : Cache Hit Ratio [com.tianj.autowash.dao.server.ServerDao]: 0.6
2019-04-18 15:25:21.129 DEBUG 8388 --- [https-jsse-nio-8008-exec-8] c.t.a.d.s.S.getServicePointsByScope      : ==>  Preparing: SELECT id, longitude, latitude FROM svr_service_station WHERE longitude BETWEEN ? AND ? AND latitude BETWEEN ? AND ? 
2019-04-18 15:25:21.130 DEBUG 8388 --- [https-jsse-nio-8008-exec-8] c.t.a.d.s.S.getServicePointsByScope      : ==> Parameters: 113.05404245854143(Double), 113.19617807865862(Double), 22.87068397438082(Double), 23.067931537295326(Double)
2019-04-18 15:25:21.142 DEBUG 8388 --- [https-jsse-nio-8008-exec-8] c.t.a.d.s.S.getServicePointsByScope      : <==      Total: 3
2019-04-18 15:25:22.206 DEBUG 8388 --- [https-jsse-nio-8008-exec-10] com.tianj.autowash.dao.server.ServerDao  : Cache Hit Ratio [com.tianj.autowash.dao.server.ServerDao]: 0.6129032258064516
2019-04-18 15:36:16.553 DEBUG 8388 --- [https-jsse-nio-8008-exec-4] com.tianj.autowash.dao.server.ServerDao  : Cache Hit Ratio [com.tianj.autowash.dao.server.ServerDao]: 0.625
2019-04-18 15:36:17.845 DEBUG 8388 --- [https-jsse-nio-8008-exec-7] com.tianj.autowash.dao.server.ServerDao  : Cache Hit Ratio [com.tianj.autowash.dao.server.ServerDao]: 0.6363636363636364
2019-04-18 15:38:20.830 DEBUG 8388 --- [https-jsse-nio-8008-exec-2] com.tianj.autowash.dao.server.ServerDao  : Cache Hit Ratio [com.tianj.autowash.dao.server.ServerDao]: 0.6470588235294118
2019-04-18 15:38:22.135 DEBUG 8388 --- [https-jsse-nio-8008-exec-3] com.tianj.autowash.dao.server.ServerDao  : Cache Hit Ratio [com.tianj.autowash.dao.server.ServerDao]: 0.6571428571428571
2019-04-18 15:39:40.875 DEBUG 8388 --- [https-jsse-nio-8008-exec-9] com.tianj.autowash.dao.server.ServerDao  : Cache Hit Ratio [com.tianj.autowash.dao.server.ServerDao]: 0.6666666666666666
2019-04-18 15:39:42.021 DEBUG 8388 --- [https-jsse-nio-8008-exec-8] com.tianj.autowash.dao.server.ServerDao  : Cache Hit Ratio [com.tianj.autowash.dao.server.ServerDao]: 0.6756756756756757
2019-04-18 15:40:51.750 DEBUG 8388 --- [https-jsse-nio-8008-exec-4] com.tianj.autowash.dao.server.ServerDao  : Cache Hit Ratio [com.tianj.autowash.dao.server.ServerDao]: 0.6842105263157895
2019-04-18 15:40:52.846 DEBUG 8388 --- [https-jsse-nio-8008-exec-7] com.tianj.autowash.dao.server.ServerDao  : Cache Hit Ratio [com.tianj.autowash.dao.server.ServerDao]: 0.6923076923076923
2019-04-18 15:41:06.198 DEBUG 8388 --- [https-jsse-nio-8008-exec-5] com.tianj.autowash.dao.server.ServerDao  : Cache Hit Ratio [com.tianj.autowash.dao.server.ServerDao]: 0.7
2019-04-18 15:41:07.414 DEBUG 8388 --- [https-jsse-nio-8008-exec-9] com.tianj.autowash.dao.server.ServerDao  : Cache Hit Ratio [com.tianj.autowash.dao.server.ServerDao]: 0.7073170731707317
2019-04-18 15:43:56.085 DEBUG 8388 --- [https-jsse-nio-8008-exec-3] com.tianj.autowash.dao.server.ServerDao  : Cache Hit Ratio [com.tianj.autowash.dao.server.ServerDao]: 0.7142857142857143
2019-04-18 15:43:57.248 DEBUG 8388 --- [https-jsse-nio-8008-exec-6] com.tianj.autowash.dao.server.ServerDao  : Cache Hit Ratio [com.tianj.autowash.dao.server.ServerDao]: 0.7209302325581395
2019-04-18 15:44:14.941 DEBUG 8388 --- [https-jsse-nio-8008-exec-4] com.tianj.autowash.dao.server.ServerDao  : Cache Hit Ratio [com.tianj.autowash.dao.server.ServerDao]: 0.7272727272727273
2019-04-18 15:44:16.279 DEBUG 8388 --- [https-jsse-nio-8008-exec-7] com.tianj.autowash.dao.server.ServerDao  : Cache Hit Ratio [com.tianj.autowash.dao.server.ServerDao]: 0.7333333333333333
2019-04-18 15:44:29.412 DEBUG 8388 --- [https-jsse-nio-8008-exec-5] com.tianj.autowash.dao.server.ServerDao  : Cache Hit Ratio [com.tianj.autowash.dao.server.ServerDao]: 0.7391304347826086
2019-04-18 15:44:30.498 DEBUG 8388 --- [https-jsse-nio-8008-exec-9] com.tianj.autowash.dao.server.ServerDao  : Cache Hit Ratio [com.tianj.autowash.dao.server.ServerDao]: 0.7446808510638298
2019-04-18 15:44:49.066 DEBUG 8388 --- [https-jsse-nio-8008-exec-8] com.tianj.autowash.dao.server.ServerDao  : Cache Hit Ratio [com.tianj.autowash.dao.server.ServerDao]: 0.75
2019-04-18 15:44:50.301 DEBUG 8388 --- [https-jsse-nio-8008-exec-10] com.tianj.autowash.dao.server.ServerDao  : Cache Hit Ratio [com.tianj.autowash.dao.server.ServerDao]: 0.7551020408163265
2019-04-18 15:47:38.680 DEBUG 8388 --- [https-jsse-nio-8008-exec-4] com.tianj.autowash.dao.server.ServerDao  : Cache Hit Ratio [com.tianj.autowash.dao.server.ServerDao]: 0.76
2019-04-18 15:47:40.075 DEBUG 8388 --- [https-jsse-nio-8008-exec-7] com.tianj.autowash.dao.server.ServerDao  : Cache Hit Ratio [com.tianj.autowash.dao.server.ServerDao]: 0.7647058823529411
2019-04-18 15:48:16.456 DEBUG 8388 --- [https-jsse-nio-8008-exec-5] com.tianj.autowash.dao.server.ServerDao  : Cache Hit Ratio [com.tianj.autowash.dao.server.ServerDao]: 0.7692307692307693
2019-04-18 15:48:17.672 DEBUG 8388 --- [https-jsse-nio-8008-exec-9] com.tianj.autowash.dao.server.ServerDao  : Cache Hit Ratio [com.tianj.autowash.dao.server.ServerDao]: 0.7735849056603774
2019-04-18 15:48:31.640 DEBUG 8388 --- [https-jsse-nio-8008-exec-8] com.tianj.autowash.dao.server.ServerDao  : Cache Hit Ratio [com.tianj.autowash.dao.server.ServerDao]: 0.7777777777777778
2019-04-18 15:48:32.813 DEBUG 8388 --- [https-jsse-nio-8008-exec-10] com.tianj.autowash.dao.server.ServerDao  : Cache Hit Ratio [com.tianj.autowash.dao.server.ServerDao]: 0.7818181818181819
2019-04-18 15:52:34.622 DEBUG 8388 --- [https-jsse-nio-8008-exec-6] com.tianj.autowash.dao.server.ServerDao  : Cache Hit Ratio [com.tianj.autowash.dao.server.ServerDao]: 0.7857142857142857
2019-04-18 15:52:35.823 DEBUG 8388 --- [https-jsse-nio-8008-exec-4] com.tianj.autowash.dao.server.ServerDao  : Cache Hit Ratio [com.tianj.autowash.dao.server.ServerDao]: 0.7894736842105263
2019-04-18 15:53:00.904 DEBUG 8388 --- [https-jsse-nio-8008-exec-7] com.tianj.autowash.dao.server.ServerDao  : Cache Hit Ratio [com.tianj.autowash.dao.server.ServerDao]: 0.7931034482758621
2019-04-18 15:53:02.104 DEBUG 8388 --- [https-jsse-nio-8008-exec-5] com.tianj.autowash.dao.server.ServerDao  : Cache Hit Ratio [com.tianj.autowash.dao.server.ServerDao]: 0.7966101694915254
2019-04-18 15:56:23.752 DEBUG 8388 --- [https-jsse-nio-8008-exec-3] com.tianj.autowash.dao.server.ServerDao  : Cache Hit Ratio [com.tianj.autowash.dao.server.ServerDao]: 0.8
2019-04-18 15:56:24.942 DEBUG 8388 --- [https-jsse-nio-8008-exec-6] com.tianj.autowash.dao.server.ServerDao  : Cache Hit Ratio [com.tianj.autowash.dao.server.ServerDao]: 0.8032786885245902
2019-04-18 15:58:18.582 DEBUG 8388 --- [https-jsse-nio-8008-exec-8] com.tianj.autowash.dao.server.ServerDao  : Cache Hit Ratio [com.tianj.autowash.dao.server.ServerDao]: 0.8064516129032258
2019-04-18 15:58:19.688 DEBUG 8388 --- [https-jsse-nio-8008-exec-10] com.tianj.autowash.dao.server.ServerDao  : Cache Hit Ratio [com.tianj.autowash.dao.server.ServerDao]: 0.8095238095238095
2019-04-18 15:59:38.220 DEBUG 8388 --- [https-jsse-nio-8008-exec-4] com.tianj.autowash.dao.server.ServerDao  : Cache Hit Ratio [com.tianj.autowash.dao.server.ServerDao]: 0.8125
2019-04-18 15:59:39.327 DEBUG 8388 --- [https-jsse-nio-8008-exec-7] com.tianj.autowash.dao.server.ServerDao  : Cache Hit Ratio [com.tianj.autowash.dao.server.ServerDao]: 0.8153846153846154
2019-04-18 16:02:05.912 DEBUG 8388 --- [https-jsse-nio-8008-exec-2] com.tianj.autowash.dao.server.ServerDao  : Cache Hit Ratio [com.tianj.autowash.dao.server.ServerDao]: 0.8181818181818182
2019-04-18 16:02:07.070 DEBUG 8388 --- [https-jsse-nio-8008-exec-3] com.tianj.autowash.dao.server.ServerDao  : Cache Hit Ratio [com.tianj.autowash.dao.server.ServerDao]: 0.8208955223880597
2019-04-18 16:02:45.777 DEBUG 8388 --- [https-jsse-nio-8008-exec-6] com.tianj.autowash.dao.server.ServerDao  : Cache Hit Ratio [com.tianj.autowash.dao.server.ServerDao]: 0.8235294117647058
2019-04-18 16:02:47.039 DEBUG 8388 --- [https-jsse-nio-8008-exec-4] com.tianj.autowash.dao.server.ServerDao  : Cache Hit Ratio [com.tianj.autowash.dao.server.ServerDao]: 0.8260869565217391
2019-04-18 16:03:05.757 DEBUG 8388 --- [https-jsse-nio-8008-exec-7] com.tianj.autowash.dao.server.ServerDao  : Cache Hit Ratio [com.tianj.autowash.dao.server.ServerDao]: 0.8285714285714286
2019-04-18 16:03:06.958 DEBUG 8388 --- [https-jsse-nio-8008-exec-5] com.tianj.autowash.dao.server.ServerDao  : Cache Hit Ratio [com.tianj.autowash.dao.server.ServerDao]: 0.8309859154929577
2019-04-18 16:03:16.554 DEBUG 8388 --- [https-jsse-nio-8008-exec-9] com.tianj.autowash.dao.server.ServerDao  : Cache Hit Ratio [com.tianj.autowash.dao.server.ServerDao]: 0.8194444444444444
2019-04-18 16:03:16.647 DEBUG 8388 --- [https-jsse-nio-8008-exec-9] c.t.a.d.s.S.getServicePointsByScope      : ==>  Preparing: SELECT id, longitude, latitude FROM svr_service_station WHERE longitude BETWEEN ? AND ? AND latitude BETWEEN ? AND ? 
2019-04-18 16:03:16.648 DEBUG 8388 --- [https-jsse-nio-8008-exec-9] c.t.a.d.s.S.getServicePointsByScope      : ==> Parameters: 113.22883698364261(Double), 113.35758301635745(Double), 22.703730762006835(Double), 22.906913497653804(Double)
2019-04-18 16:03:16.657 DEBUG 8388 --- [https-jsse-nio-8008-exec-9] c.t.a.d.s.S.getServicePointsByScope      : <==      Total: 1
2019-04-18 16:03:17.732 DEBUG 8388 --- [https-jsse-nio-8008-exec-8] com.tianj.autowash.dao.server.ServerDao  : Cache Hit Ratio [com.tianj.autowash.dao.server.ServerDao]: 0.821917808219178
2019-04-18 16:03:27.710 DEBUG 8388 --- [https-jsse-nio-8008-exec-10] com.tianj.autowash.dao.server.ServerDao  : Cache Hit Ratio [com.tianj.autowash.dao.server.ServerDao]: 0.8243243243243243
2019-04-18 16:03:28.885 DEBUG 8388 --- [https-jsse-nio-8008-exec-1] com.tianj.autowash.dao.server.ServerDao  : Cache Hit Ratio [com.tianj.autowash.dao.server.ServerDao]: 0.8266666666666667
2019-04-18 16:03:30.066 DEBUG 8388 --- [https-jsse-nio-8008-exec-2] com.tianj.autowash.dao.server.ServerDao  : Cache Hit Ratio [com.tianj.autowash.dao.server.ServerDao]: 0.8289473684210527
2019-04-18 16:05:58.355 DEBUG 8388 --- [https-jsse-nio-8008-exec-9] com.tianj.autowash.dao.server.ServerDao  : Cache Hit Ratio [com.tianj.autowash.dao.server.ServerDao]: 0.8311688311688312
2019-04-18 16:05:59.509 DEBUG 8388 --- [https-jsse-nio-8008-exec-8] com.tianj.autowash.dao.server.ServerDao  : Cache Hit Ratio [com.tianj.autowash.dao.server.ServerDao]: 0.8333333333333334
2019-04-18 16:06:32.304 DEBUG 8388 --- [https-jsse-nio-8008-exec-10] com.tianj.autowash.dao.server.ServerDao  : Cache Hit Ratio [com.tianj.autowash.dao.server.ServerDao]: 0.8354430379746836
2019-04-18 16:06:33.589 DEBUG 8388 --- [https-jsse-nio-8008-exec-1] com.tianj.autowash.dao.server.ServerDao  : Cache Hit Ratio [com.tianj.autowash.dao.server.ServerDao]: 0.8375
2019-04-18 16:06:44.266 DEBUG 8388 --- [https-jsse-nio-8008-exec-2] com.tianj.autowash.dao.server.ServerDao  : Cache Hit Ratio [com.tianj.autowash.dao.server.ServerDao]: 0.8395061728395061
2019-04-18 16:06:45.481 DEBUG 8388 --- [https-jsse-nio-8008-exec-3] com.tianj.autowash.dao.server.ServerDao  : Cache Hit Ratio [com.tianj.autowash.dao.server.ServerDao]: 0.8414634146341463
